2021-04-02 02:24:21,133 INFO org.springframework.boot.StartupInfoLogger [main] Starting AutoAssignmentBatchApplication on L-156233719 with PID 21092 (D:\Projects\AutoAssignmentJobSME-Corp\target\classes started by AD389249 in D:\Projects\AutoAssignmentJobSME-Corp)
2021-04-02 02:24:21,147 INFO org.springframework.boot.SpringApplication [main] The following profiles are active: uat
2021-04-02 02:24:21,977 INFO org.springframework.data.repository.config.RepositoryConfigurationDelegate [main] Bootstrapping Spring Data repositories in DEFAULT mode.
2021-04-02 02:24:22,126 INFO org.springframework.data.repository.config.RepositoryConfigurationDelegate [main] Finished Spring Data repository scanning in 134ms. Found 6 repository interfaces.
2021-04-02 02:24:23,010 INFO com.zaxxer.hikari.HikariDataSource [main] HikariPool-1 - Starting...
2021-04-02 02:24:29,363 INFO com.zaxxer.hikari.pool.PoolBase [main] HikariPool-1 - Driver does not support get/set network timeout for connections. (oracle.jdbc.driver.T4CConnection.getNetworkTimeout()I)
2021-04-02 02:24:29,477 INFO com.zaxxer.hikari.HikariDataSource [main] HikariPool-1 - Start completed.
2021-04-02 02:24:29,596 INFO org.hibernate.jpa.internal.util.LogHelper [main] HHH000204: Processing PersistenceUnitInfo [
	name: default
	...]
2021-04-02 02:24:29,746 INFO org.hibernate.Version [main] HHH000412: Hibernate Core {5.3.9.Final}
2021-04-02 02:24:29,749 INFO org.hibernate.cfg.Environment [main] HHH000206: hibernate.properties not found
2021-04-02 02:24:30,136 INFO org.hibernate.annotations.common.reflection.java.JavaReflectionManager [main] HCANN000001: Hibernate Commons Annotations {5.0.1.Final}
2021-04-02 02:24:30,582 INFO org.hibernate.dialect.Dialect [main] HHH000400: Using dialect: org.hibernate.dialect.Oracle9iDialect
2021-04-02 02:24:32,721 INFO org.springframework.orm.jpa.AbstractEntityManagerFactoryBean [main] Initialized JPA EntityManagerFactory for persistence unit 'default'
2021-04-02 02:24:33,255 INFO org.hibernate.hql.internal.QueryTranslatorFactoryInitiator [main] HHH000397: Using ASTQueryTranslatorFactory
2021-04-02 02:24:33,887 INFO org.springframework.boot.StartupInfoLogger [main] Started AutoAssignmentBatchApplication in 13.609 seconds (JVM running for 14.679)
2021-04-02 02:24:54,465 INFO com.maxis.autoAssignment.utils.AutoAssingmentController [main] In main Current week : 14
2021-04-02 02:27:26,151 INFO com.maxis.autoAssignment.utils.AutoAssingmentController [main] RegList for SMEInd is null
2021-04-02 02:30:42,244 INFO org.springframework.orm.jpa.AbstractEntityManagerFactoryBean [Thread-5] Closing JPA EntityManagerFactory for persistence unit 'default'
2021-04-02 02:30:42,251 INFO com.zaxxer.hikari.HikariDataSource [Thread-5] HikariPool-1 - Shutdown initiated...
2021-04-02 02:30:43,141 INFO com.zaxxer.hikari.HikariDataSource [Thread-5] HikariPool-1 - Shutdown completed.
2021-04-02 03:34:53,358 INFO org.springframework.boot.StartupInfoLogger [main] Starting AutoAssignmentBatchApplication on L-156233719 with PID 4312 (D:\Projects\AutoAssignmentJobSME-Corp\target\classes started by AD389249 in D:\Projects\AutoAssignmentJobSME-Corp)
2021-04-02 03:34:53,363 INFO org.springframework.boot.SpringApplication [main] The following profiles are active: uat
2021-04-02 03:34:54,188 INFO org.springframework.data.repository.config.RepositoryConfigurationDelegate [main] Bootstrapping Spring Data repositories in DEFAULT mode.
2021-04-02 03:34:54,380 INFO org.springframework.data.repository.config.RepositoryConfigurationDelegate [main] Finished Spring Data repository scanning in 170ms. Found 6 repository interfaces.
2021-04-02 03:34:55,307 INFO com.zaxxer.hikari.HikariDataSource [main] HikariPool-1 - Starting...
2021-04-02 03:35:01,044 INFO com.zaxxer.hikari.pool.PoolBase [main] HikariPool-1 - Driver does not support get/set network timeout for connections. (oracle.jdbc.driver.T4CConnection.getNetworkTimeout()I)
2021-04-02 03:35:01,134 INFO com.zaxxer.hikari.HikariDataSource [main] HikariPool-1 - Start completed.
2021-04-02 03:35:01,238 INFO org.hibernate.jpa.internal.util.LogHelper [main] HHH000204: Processing PersistenceUnitInfo [
	name: default
	...]
2021-04-02 03:35:01,353 INFO org.hibernate.Version [main] HHH000412: Hibernate Core {5.3.9.Final}
2021-04-02 03:35:01,356 INFO org.hibernate.cfg.Environment [main] HHH000206: hibernate.properties not found
2021-04-02 03:35:01,616 INFO org.hibernate.annotations.common.reflection.java.JavaReflectionManager [main] HCANN000001: Hibernate Commons Annotations {5.0.1.Final}
2021-04-02 03:35:02,049 INFO org.hibernate.dialect.Dialect [main] HHH000400: Using dialect: org.hibernate.dialect.Oracle9iDialect
2021-04-02 03:35:04,130 INFO org.springframework.orm.jpa.AbstractEntityManagerFactoryBean [main] Initialized JPA EntityManagerFactory for persistence unit 'default'
2021-04-02 03:35:04,641 INFO org.hibernate.hql.internal.QueryTranslatorFactoryInitiator [main] HHH000397: Using ASTQueryTranslatorFactory
2021-04-02 03:35:05,265 INFO org.springframework.boot.StartupInfoLogger [main] Started AutoAssignmentBatchApplication in 12.604 seconds (JVM running for 13.633)
2021-04-02 03:35:08,791 INFO com.maxis.autoAssignment.utils.AutoAssingmentController [main] In main Current week : 14
2021-04-02 03:45:32,538 INFO com.maxis.autoAssignment.utils.AutoAssingmentController [main] No active users for :corp
2021-04-02 03:49:17,337 INFO com.maxis.autoAssignment.utils.AutoAssingmentController [main] RegList for SMEInd is null
2021-04-02 03:54:30,190 INFO com.maxis.autoAssignment.utils.AutoAssingmentController [main] No active users for :SME
2021-04-02 03:54:51,456 INFO org.springframework.orm.jpa.AbstractEntityManagerFactoryBean [Thread-5] Closing JPA EntityManagerFactory for persistence unit 'default'
2021-04-02 03:54:51,461 INFO com.zaxxer.hikari.HikariDataSource [Thread-5] HikariPool-1 - Shutdown initiated...
2021-04-02 03:54:52,369 INFO com.zaxxer.hikari.HikariDataSource [Thread-5] HikariPool-1 - Shutdown completed.
2021-04-02 03:55:58,328 INFO org.springframework.boot.StartupInfoLogger [main] Starting AutoAssignmentBatchApplication on L-156233719 with PID 23384 (D:\Projects\AutoAssignmentJobSME-Corp\target\classes started by AD389249 in D:\Projects\AutoAssignmentJobSME-Corp)
2021-04-02 03:55:58,336 INFO org.springframework.boot.SpringApplication [main] The following profiles are active: uat
2021-04-02 03:55:59,157 INFO org.springframework.data.repository.config.RepositoryConfigurationDelegate [main] Bootstrapping Spring Data repositories in DEFAULT mode.
2021-04-02 03:55:59,325 INFO org.springframework.data.repository.config.RepositoryConfigurationDelegate [main] Finished Spring Data repository scanning in 153ms. Found 6 repository interfaces.
2021-04-02 03:56:00,576 INFO com.zaxxer.hikari.HikariDataSource [main] HikariPool-1 - Starting...
2021-04-02 03:56:07,595 INFO com.zaxxer.hikari.pool.PoolBase [main] HikariPool-1 - Driver does not support get/set network timeout for connections. (oracle.jdbc.driver.T4CConnection.getNetworkTimeout()I)
2021-04-02 03:56:07,684 INFO com.zaxxer.hikari.HikariDataSource [main] HikariPool-1 - Start completed.
2021-04-02 03:56:07,803 INFO org.hibernate.jpa.internal.util.LogHelper [main] HHH000204: Processing PersistenceUnitInfo [
	name: default
	...]
2021-04-02 03:56:07,930 INFO org.hibernate.Version [main] HHH000412: Hibernate Core {5.3.9.Final}
2021-04-02 03:56:07,934 INFO org.hibernate.cfg.Environment [main] HHH000206: hibernate.properties not found
2021-04-02 03:56:08,245 INFO org.hibernate.annotations.common.reflection.java.JavaReflectionManager [main] HCANN000001: Hibernate Commons Annotations {5.0.1.Final}
2021-04-02 03:56:08,758 INFO org.hibernate.dialect.Dialect [main] HHH000400: Using dialect: org.hibernate.dialect.Oracle9iDialect
2021-04-02 03:56:10,912 INFO org.springframework.orm.jpa.AbstractEntityManagerFactoryBean [main] Initialized JPA EntityManagerFactory for persistence unit 'default'
2021-04-02 03:56:11,441 INFO org.hibernate.hql.internal.QueryTranslatorFactoryInitiator [main] HHH000397: Using ASTQueryTranslatorFactory
2021-04-02 03:56:12,093 INFO org.springframework.boot.StartupInfoLogger [main] Started AutoAssignmentBatchApplication in 14.424 seconds (JVM running for 15.284)
2021-04-02 03:56:18,427 INFO com.maxis.autoAssignment.utils.AutoAssingmentController [main] In main Current week : 14
2021-04-02 03:56:37,011 INFO com.maxis.autoAssignment.utils.AutoAssingmentController [main] RegList for SMEInd is null
2021-04-02 03:58:01,803 INFO com.maxis.autoAssignment.utils.AutoAssingmentController [main] Before User : smegala@maxis.com.my total assigned : 0 work status : A shift : PM
2021-04-02 04:00:13,522 INFO com.maxis.autoAssignment.utils.AutoAssingmentController [main] No. of active users for SME : 1
2021-04-02 04:00:16,004 INFO com.maxis.autoAssignment.utils.AutoAssingmentController [main] =========================================================================================
2021-04-02 04:00:18,964 INFO com.maxis.autoAssignment.utils.AutoAssingmentController [main] Starting scheduler............ 
2021-04-02 04:00:59,621 INFO com.maxis.autoAssignment.utils.AutoAssingmentController [main] Hour of day : 12pm to 3 pm, so using users with PM shift first
2021-04-02 04:08:23,324 INFO com.maxis.autoAssignment.utils.AutoAssingmentController [main] RegId : 17899 MSISDN count : 1Identity : 7865PL
2021-04-02 04:09:58,120 INFO com.maxis.autoAssignment.service.AutoAssignmentService [main] Checking users for Identity: 7865PL and category: non-BIP in SCH_IDENTIFIER
2021-04-02 04:13:03,653 WARN org.hibernate.engine.jdbc.spi.SqlExceptionHelper [main] SQL Error: 942, SQLState: 42000
2021-04-02 04:13:03,660 ERROR org.hibernate.engine.jdbc.spi.SqlExceptionHelper [main] ORA-00942: table or view does not exist

2021-04-02 04:14:37,035 INFO com.maxis.autoAssignment.utils.AutoAssingmentController [main] Exception occured in schedulingProcess: could not extract ResultSet; SQL [n/a]; nested exception is org.hibernate.exception.SQLGrammarException: could not extract ResultSet
2021-04-02 04:20:25,443 INFO org.springframework.boot.StartupInfoLogger [main] Starting AutoAssignmentBatchApplication on L-156233719 with PID 28728 (D:\Projects\AutoAssignmentJobSME-Corp\target\classes started by AD389249 in D:\Projects\AutoAssignmentJobSME-Corp)
2021-04-02 04:20:25,449 INFO org.springframework.boot.SpringApplication [main] The following profiles are active: uat
2021-04-02 04:20:26,174 INFO org.springframework.data.repository.config.RepositoryConfigurationDelegate [main] Bootstrapping Spring Data repositories in DEFAULT mode.
2021-04-02 04:20:26,327 INFO org.springframework.data.repository.config.RepositoryConfigurationDelegate [main] Finished Spring Data repository scanning in 136ms. Found 6 repository interfaces.
2021-04-02 04:20:27,178 INFO com.zaxxer.hikari.HikariDataSource [main] HikariPool-1 - Starting...
2021-04-02 04:20:32,924 INFO com.zaxxer.hikari.pool.PoolBase [main] HikariPool-1 - Driver does not support get/set network timeout for connections. (oracle.jdbc.driver.T4CConnection.getNetworkTimeout()I)
2021-04-02 04:20:33,015 INFO com.zaxxer.hikari.HikariDataSource [main] HikariPool-1 - Start completed.
2021-04-02 04:20:33,152 INFO org.hibernate.jpa.internal.util.LogHelper [main] HHH000204: Processing PersistenceUnitInfo [
	name: default
	...]
2021-04-02 04:20:33,259 INFO org.hibernate.Version [main] HHH000412: Hibernate Core {5.3.9.Final}
2021-04-02 04:20:33,262 INFO org.hibernate.cfg.Environment [main] HHH000206: hibernate.properties not found
2021-04-02 04:20:33,511 INFO org.hibernate.annotations.common.reflection.java.JavaReflectionManager [main] HCANN000001: Hibernate Commons Annotations {5.0.1.Final}
2021-04-02 04:20:33,945 INFO org.hibernate.dialect.Dialect [main] HHH000400: Using dialect: org.hibernate.dialect.Oracle9iDialect
2021-04-02 04:20:36,061 INFO org.springframework.orm.jpa.AbstractEntityManagerFactoryBean [main] Initialized JPA EntityManagerFactory for persistence unit 'default'
2021-04-02 04:20:36,731 INFO org.hibernate.hql.internal.QueryTranslatorFactoryInitiator [main] HHH000397: Using ASTQueryTranslatorFactory
2021-04-02 04:20:37,478 INFO org.springframework.boot.StartupInfoLogger [main] Started AutoAssignmentBatchApplication in 12.673 seconds (JVM running for 13.546)
2021-04-02 04:20:41,589 INFO com.maxis.autoAssignment.utils.AutoAssingmentController [main] In main Current week : 14
2021-04-02 04:21:27,372 INFO com.maxis.autoAssignment.utils.AutoAssingmentController [main] RegList for SMEInd is null
2021-04-02 04:22:31,929 INFO com.maxis.autoAssignment.utils.AutoAssingmentController [main] Before User : smegala@maxis.com.my total assigned : 0 work status : A shift : PM
2021-04-02 04:22:33,565 INFO com.maxis.autoAssignment.utils.AutoAssingmentController [main] No. of active users for SME : 1
2021-04-02 04:22:34,233 INFO com.maxis.autoAssignment.utils.AutoAssingmentController [main] =========================================================================================
2021-04-02 04:22:34,668 INFO com.maxis.autoAssignment.utils.AutoAssingmentController [main] Starting scheduler............ 
2021-04-02 04:22:35,602 INFO com.maxis.autoAssignment.utils.AutoAssingmentController [main] Hour of day : 12pm to 3 pm, so using users with PM shift first
2021-04-02 04:23:01,769 INFO com.maxis.autoAssignment.utils.AutoAssingmentController [main] RegId : 17899 MSISDN count : 1Identity : 7865PL
2021-04-02 04:24:30,228 INFO com.maxis.autoAssignment.service.AutoAssignmentService [main] Checking users for Identity: 7865PL and category: non-BIP in SCH_IDENTIFIER
2021-04-02 04:24:34,737 WARN org.hibernate.engine.jdbc.spi.SqlExceptionHelper [main] SQL Error: 942, SQLState: 42000
2021-04-02 04:24:34,743 ERROR org.hibernate.engine.jdbc.spi.SqlExceptionHelper [main] ORA-00942: table or view does not exist

2021-04-02 04:45:11,947 INFO org.springframework.boot.StartupInfoLogger [main] Starting AutoAssignmentBatchApplication on L-156233719 with PID 6312 (D:\Projects\AutoAssignmentJobSME-Corp\target\classes started by AD389249 in D:\Projects\AutoAssignmentJobSME-Corp)
2021-04-02 04:45:11,952 INFO org.springframework.boot.SpringApplication [main] The following profiles are active: uat
2021-04-02 04:45:12,676 INFO org.springframework.data.repository.config.RepositoryConfigurationDelegate [main] Bootstrapping Spring Data repositories in DEFAULT mode.
2021-04-02 04:45:12,816 INFO org.springframework.data.repository.config.RepositoryConfigurationDelegate [main] Finished Spring Data repository scanning in 126ms. Found 6 repository interfaces.
2021-04-02 04:45:13,656 INFO com.zaxxer.hikari.HikariDataSource [main] HikariPool-1 - Starting...
2021-04-02 04:45:19,173 INFO com.zaxxer.hikari.pool.PoolBase [main] HikariPool-1 - Driver does not support get/set network timeout for connections. (oracle.jdbc.driver.T4CConnection.getNetworkTimeout()I)
2021-04-02 04:45:19,261 INFO com.zaxxer.hikari.HikariDataSource [main] HikariPool-1 - Start completed.
2021-04-02 04:45:19,376 INFO org.hibernate.jpa.internal.util.LogHelper [main] HHH000204: Processing PersistenceUnitInfo [
	name: default
	...]
2021-04-02 04:45:19,507 INFO org.hibernate.Version [main] HHH000412: Hibernate Core {5.3.9.Final}
2021-04-02 04:45:19,510 INFO org.hibernate.cfg.Environment [main] HHH000206: hibernate.properties not found
2021-04-02 04:45:19,787 INFO org.hibernate.annotations.common.reflection.java.JavaReflectionManager [main] HCANN000001: Hibernate Commons Annotations {5.0.1.Final}
2021-04-02 04:45:20,222 INFO org.hibernate.dialect.Dialect [main] HHH000400: Using dialect: org.hibernate.dialect.Oracle9iDialect
2021-04-02 04:45:22,316 INFO org.springframework.orm.jpa.AbstractEntityManagerFactoryBean [main] Initialized JPA EntityManagerFactory for persistence unit 'default'
2021-04-02 04:45:22,869 INFO org.hibernate.hql.internal.QueryTranslatorFactoryInitiator [main] HHH000397: Using ASTQueryTranslatorFactory
2021-04-02 04:45:23,495 INFO org.springframework.boot.StartupInfoLogger [main] Started AutoAssignmentBatchApplication in 12.198 seconds (JVM running for 13.062)
2021-04-02 04:50:10,312 INFO com.maxis.autoAssignment.utils.AutoAssingmentController [main] In main Current week : 14
2021-04-02 04:50:29,551 INFO com.maxis.autoAssignment.utils.AutoAssingmentController [main] RegList for SMEInd is null
2021-04-02 04:52:21,792 INFO com.maxis.autoAssignment.utils.AutoAssingmentController [main] Before User : smegala@maxis.com.my total assigned : 0 work status : A shift : PM
2021-04-02 04:52:21,792 INFO com.maxis.autoAssignment.utils.AutoAssingmentController [main] No. of active users for SME : 1
2021-04-02 04:52:21,793 INFO com.maxis.autoAssignment.utils.AutoAssingmentController [main] =========================================================================================
2021-04-02 04:52:21,793 INFO com.maxis.autoAssignment.utils.AutoAssingmentController [main] Starting scheduler............ 
2021-04-02 04:52:21,793 INFO com.maxis.autoAssignment.utils.AutoAssingmentController [main] Hour of day : 12pm to 3 pm, so using users with PM shift first
2021-04-02 04:53:00,916 INFO com.maxis.autoAssignment.utils.AutoAssingmentController [main] RegId : 17899 MSISDN count : 1Identity : 7865PL
2021-04-02 04:53:03,285 INFO com.maxis.autoAssignment.service.AutoAssignmentService [main] Checking users for Identity: 7865PL and category: non-BIP in SCH_IDENTIFIER
2021-04-02 04:57:43,894 INFO com.maxis.autoAssignment.utils.AutoAssingmentController [main] User on top : smegala@maxis.com.my Total Assigned : 0 Daily Cap Limit: 80
2021-04-02 04:57:54,575 INFO com.maxis.autoAssignment.utils.AutoAssingmentController [main] Checking the components included for the user: smegala@maxis.com.my
2021-04-02 04:57:59,535 INFO com.maxis.autoAssignment.utils.AutoAssingmentController [main] Checking the component to be included for the user: smegala@maxis.com.my
2021-04-02 05:00:15,123 INFO com.maxis.autoAssignment.utils.AutoAssingmentController [main] Component Id is to be excluded for the user. Hence moving on to the next user
2021-04-02 05:10:57,258 INFO com.maxis.autoAssignment.utils.AutoAssingmentController [main] Order with regId: 17899 cannot be assgned to any active user due to component exclusion.
2021-04-02 05:10:57,259 INFO com.maxis.autoAssignment.utils.AutoAssingmentController [main] No user in PM shift was assigned hence using ones with AM shift now
